<!doctype html><html lang=ja dir=auto><head><meta charset=utf-8><meta http-equiv=x-ua-compatible content="IE=edge"><meta name=viewport content="width=device-width,initial-scale=1,shrink-to-fit=no"><meta name=robots content="index, follow"><title>SQLパフォーマンスチューニング | ny1030Note</title><meta name=keywords content><meta name=description content="Level 0 実行計画(Query Plan)の読み方 以下のようなSQLの実行計画を取得してみる。
 UPDATE T_ITEM_INBOUND t3 SET status_flag = '9' , updated_datetime = CURRENT_TIMESTAMP , updated_by = 'APP_001' FROM ( SELECT t1.group_num , t1.level3_item_code FROM T_ITEM_INBOUND t1 WHERE t1.status_flag = '1' AND t1.group_num = '10' AND t1.level3_item_code = '1000-2000-3000' GROUP BY t1.group_num , t1.level1_item_code , t1.level2_item_code , t1.level3_item_code , t1.color_code , t1.size_code , t1.pattern_length_code HAVING 1 < COUNT(t1.group_num) ) t2 WHERE t3.status_flag = '1' AND t3.group_num = t2."><meta name=author content="Y Nakajima"><link rel=canonical href=https://ny1030.github.io/pages/2022/sql%E3%83%91%E3%83%95%E3%82%A9%E3%83%BC%E3%83%9E%E3%83%B3%E3%82%B9%E3%83%81%E3%83%A5%E3%83%BC%E3%83%8B%E3%83%B3%E3%82%B0/><link crossorigin=anonymous href=/pages/assets/css/stylesheet.min.ec8da366ca2fb647537ccb7a8f6fa5b4e9cd3c7a0d3171dd2d3baad1e49c8bfc.css integrity="sha256-7I2jZsovtkdTfMt6j2+ltOnNPHoNMXHdLTuq0eSci/w=" rel="preload stylesheet" as=style><script defer crossorigin=anonymous src=/pages/assets/js/highlight.min.2840b7fccd34145847db71a290569594bdbdb00047097f75d6495d162f5d7dff.js integrity="sha256-KEC3/M00FFhH23GikFaVlL29sABHCX911kldFi9dff8=" onload=hljs.initHighlightingOnLoad()></script>
<link rel=icon href=https://ny1030.github.io/pages/favicon.ico><link rel=icon type=image/png sizes=16x16 href=https://ny1030.github.io/pages/favicon-16x16.png><link rel=icon type=image/png sizes=32x32 href=https://ny1030.github.io/pages/favicon-32x32.png><link rel=apple-touch-icon href=https://ny1030.github.io/pages/apple-touch-icon.png><link rel=mask-icon href=https://ny1030.github.io/pages/safari-pinned-tab.svg><meta name=theme-color content="#2e2e33"><meta name=msapplication-TileColor content="#2e2e33"><noscript><style>#theme-toggle,.top-link{display:none}</style><style>@media(prefers-color-scheme:dark){:root{--theme:rgb(29, 30, 32);--entry:rgb(46, 46, 51);--primary:rgb(218, 218, 219);--secondary:rgb(155, 156, 157);--tertiary:rgb(65, 66, 68);--content:rgb(196, 196, 197);--hljs-bg:rgb(46, 46, 51);--code-bg:rgb(55, 56, 62);--border:rgb(51, 51, 51)}.list{background:var(--theme)}.list:not(.dark)::-webkit-scrollbar-track{background:0 0}.list:not(.dark)::-webkit-scrollbar-thumb{border-color:var(--theme)}}</style></noscript><meta property="og:title" content="SQLパフォーマンスチューニング"><meta property="og:description" content="Level 0 実行計画(Query Plan)の読み方 以下のようなSQLの実行計画を取得してみる。
 UPDATE T_ITEM_INBOUND t3 SET status_flag = '9' , updated_datetime = CURRENT_TIMESTAMP , updated_by = 'APP_001' FROM ( SELECT t1.group_num , t1.level3_item_code FROM T_ITEM_INBOUND t1 WHERE t1.status_flag = '1' AND t1.group_num = '10' AND t1.level3_item_code = '1000-2000-3000' GROUP BY t1.group_num , t1.level1_item_code , t1.level2_item_code , t1.level3_item_code , t1.color_code , t1.size_code , t1.pattern_length_code HAVING 1 < COUNT(t1.group_num) ) t2 WHERE t3.status_flag = '1' AND t3.group_num = t2."><meta property="og:type" content="article"><meta property="og:url" content="https://ny1030.github.io/pages/2022/sql%E3%83%91%E3%83%95%E3%82%A9%E3%83%BC%E3%83%9E%E3%83%B3%E3%82%B9%E3%83%81%E3%83%A5%E3%83%BC%E3%83%8B%E3%83%B3%E3%82%B0/"><meta property="article:section" content="2022"><meta property="og:site_name" content="ny1030Note"><meta name=twitter:card content="summary"><meta name=twitter:title content="SQLパフォーマンスチューニング"><meta name=twitter:description content="Level 0 実行計画(Query Plan)の読み方 以下のようなSQLの実行計画を取得してみる。
 UPDATE T_ITEM_INBOUND t3 SET status_flag = '9' , updated_datetime = CURRENT_TIMESTAMP , updated_by = 'APP_001' FROM ( SELECT t1.group_num , t1.level3_item_code FROM T_ITEM_INBOUND t1 WHERE t1.status_flag = '1' AND t1.group_num = '10' AND t1.level3_item_code = '1000-2000-3000' GROUP BY t1.group_num , t1.level1_item_code , t1.level2_item_code , t1.level3_item_code , t1.color_code , t1.size_code , t1.pattern_length_code HAVING 1 < COUNT(t1.group_num) ) t2 WHERE t3.status_flag = '1' AND t3.group_num = t2."><script type=application/ld+json>{"@context":"https://schema.org","@type":"BreadcrumbList","itemListElement":[{"@type":"ListItem","position":2,"name":"2022s","item":"https://ny1030.github.io/pages/2022/"},{"@type":"ListItem","position":3,"name":"SQLパフォーマンスチューニング","item":"https://ny1030.github.io/pages/2022/sql%E3%83%91%E3%83%95%E3%82%A9%E3%83%BC%E3%83%9E%E3%83%B3%E3%82%B9%E3%83%81%E3%83%A5%E3%83%BC%E3%83%8B%E3%83%B3%E3%82%B0/"}]}</script><script type=application/ld+json>{"@context":"https://schema.org","@type":"BlogPosting","headline":"SQLパフォーマンスチューニング","name":"SQLパフォーマンスチューニング","description":"Level 0 実行計画(Query Plan)の読み方 以下のようなSQLの実行計画を取得してみる。\n UPDATE T_ITEM_INBOUND t3 SET status_flag = \u0026#39;9\u0026#39; , updated_datetime = CURRENT_TIMESTAMP , updated_by = \u0026#39;APP_001\u0026#39; FROM ( SELECT t1.group_num , t1.level3_item_code FROM T_ITEM_INBOUND t1 WHERE t1.status_flag = \u0026#39;1\u0026#39; AND t1.group_num = \u0026#39;10\u0026#39; AND t1.level3_item_code = \u0026#39;1000-2000-3000\u0026#39; GROUP BY t1.group_num , t1.level1_item_code , t1.level2_item_code , t1.level3_item_code , t1.color_code , t1.size_code , t1.pattern_length_code HAVING 1 \u0026lt; COUNT(t1.group_num) ) t2 WHERE t3.status_flag = \u0026#39;1\u0026#39; AND t3.group_num = t2.","keywords":[],"articleBody":"Level 0 実行計画(Query Plan)の読み方 以下のようなSQLの実行計画を取得してみる。\n UPDATE T_ITEM_INBOUND t3 SET status_flag = '9' , updated_datetime = CURRENT_TIMESTAMP , updated_by = 'APP_001' FROM ( SELECT t1.group_num , t1.level3_item_code FROM T_ITEM_INBOUND t1 WHERE t1.status_flag = '1' AND t1.group_num = '10' AND t1.level3_item_code = '1000-2000-3000' GROUP BY t1.group_num , t1.level1_item_code , t1.level2_item_code , t1.level3_item_code , t1.color_code , t1.size_code , t1.pattern_length_code HAVING 1 上記クエリの先頭に EXPLAIN ANALYZE というフレーズを付与→実行することで、以下のように実行計画が出力される。\n Update on T_ITEM_INBOUND t3 (cost=19152.43..40432.82 rows=1 width=299) (actual time=65.760..65.760 rows=0 loops=1) - Hash Join (cost=19152.43..40432.82 rows=1 width=299) (actual time=65.758..65.758 rows=0 loops=1) Hash Cond: (((t3.group_num)::text = (t2.group_num)::text) AND (t3.level3_item_code = t2.level3_item_code)) - Seq Scan on T_ITEM_INBOUND t3 (cost=0.00..19152.36 rows=283735 width=150) (actual time=4.019..4.019 rows=1 loops=1) Filter: (((status_flag)::text = '1'::text) AND (brand_code = 'TK'::text) AND (region_code = 'JP'::text)) Rows Removed by Filter: 11 - Hash (cost=19152.42..19152.42 rows=1 width=62) (actual time=61.731..61.731 rows=0 loops=1) Buckets: 1024 Batches: 1 Memory Usage: 8kB - Subquery Scan on t2 (cost=19152.37..19152.42 rows=1 width=62) (actual time=61.730..61.730 rows=0 loops=1) - GroupAggregate (cost=19152.37..19152.41 rows=1 width=55) (actual time=61.730..61.730 rows=0 loops=1) Group Key: t1.group_num, t1.level1_item_code, t1.level2_item_code, t1.level3_item_code, t1.color_code, t1.size_code, t1.pattern_length_code Filter: (1 Sort (cost=19152.37..19152.38 rows=1 width=55) (actual time=61.724..61.724 rows=1 loops=1) Sort Key: t1.level1_item_code, t1.level2_item_code, t1.color_code, t1.size_code, t1.pattern_length_code Sort Method: quicksort Memory: 25kB - Seq Scan on T_ITEM_INBOUND t1 (cost=0.00..19152.36 rows=1 width=55) (actual time=21.804..61.714 rows=1 loops=1) Filter: (((status_flag)::text = '1'::text) AND ((group_num)::text = '10'::text) AND (l3_item_code = '1000-2000-3000'::text)) Rows Removed by Filter: 283734 全てを説明するのは長くなるので要点だけ。\nインデントは処理の順番を表す  処理を行う単位（=実行計画の各レコード）ノードと呼ぶ。 ノードはツリー構造で表現される。最下層のノード（=リーフノード）は必ずテーブルスキャンノードとなる。 最下層（=インデントが深い）のノードから順に実行される。 最下層ノードの親は結合ノードでさらにその親はその他のノードになっている。  テーブルスキャンノード テーブルからデータを取り出す役割。代表的なスキャン方法は以下の通り。\n Seq Scan: テーブル全体を順番にスキャンする Index Scan: テーブルに付与されているインデックスのみをスキャンし、実テーブルはスキャンしない  今回の例では Seq Scan が使われいている。\n結合系ノード 複数のテーブルを結合する役割のノードです。代表的な結合方法は以下の通り。\n Nested Loop: 外側テーブルの行毎に内側テーブルのすべての行を突き合わせ結合する Hash Join: 内側テーブルの結合キーでハッシュを作成し、ハッシュと外側テーブルの結合キーで一致する行を結合する  処理コスト 実行計画の各ノードには、始動コストと総コスト、行数と行の長さが記載されている。\n 始動コスト: 一件目のデータを返すのにかかる想定のコストを表す( .. の前) 総コスト: 処理完了までにかかる想定のコストを表す( .. の後) 行数： ノード実行によって返却される行数を表す( rows ) 行の長さ： ノードの実行によって返却される行の平均の長さを表す( width )  important  EXPLAIN のみをつけて実行計画を取得すると、プランナによって見積もられたコストとなる。 EXPLAIN ANALYZE をつけて実行計 画を取得すると、実際に実行して得られた結果となる。( actual 以降の情報がそれ) なので、 cost と actual の rows が大きくずれている場合は統計情報が古い可能性がある。  Level 1 Index利用による高速化 Level 2 部分Indexの利用 Command メモ ここではなくgistに記載\n","wordCount":"321","inLanguage":"ja","datePublished":"0001-01-01T00:00:00Z","dateModified":"0001-01-01T00:00:00Z","author":{"@type":"Person","name":"Y Nakajima"},"mainEntityOfPage":{"@type":"WebPage","@id":"https://ny1030.github.io/pages/2022/sql%E3%83%91%E3%83%95%E3%82%A9%E3%83%BC%E3%83%9E%E3%83%B3%E3%82%B9%E3%83%81%E3%83%A5%E3%83%BC%E3%83%8B%E3%83%B3%E3%82%B0/"},"publisher":{"@type":"Organization","name":"ny1030Note","logo":{"@type":"ImageObject","url":"https://ny1030.github.io/pages/favicon.ico"}}}</script></head><body id=top><script>localStorage.getItem("pref-theme")==="dark"?document.body.classList.add("dark"):localStorage.getItem("pref-theme")==="light"?document.body.classList.remove("dark"):window.matchMedia("(prefers-color-scheme: dark)").matches&&document.body.classList.add("dark")</script><header class=header><nav class=nav><div class=logo><a href=https://ny1030.github.io/pages accesskey=h title="ny1030Note (Alt + H)">ny1030Note</a>
<span class=logo-switches><button id=theme-toggle accesskey=t title="(Alt + T)"><svg id="moon" xmlns="http://www.w3.org/2000/svg" width="24" height="24" viewBox="0 0 24 24" fill="none" stroke="currentcolor" stroke-width="2" stroke-linecap="round" stroke-linejoin="round"><path d="M21 12.79A9 9 0 1111.21 3 7 7 0 0021 12.79z"/></svg><svg id="sun" xmlns="http://www.w3.org/2000/svg" width="24" height="24" viewBox="0 0 24 24" fill="none" stroke="currentcolor" stroke-width="2" stroke-linecap="round" stroke-linejoin="round"><circle cx="12" cy="12" r="5"/><line x1="12" y1="1" x2="12" y2="3"/><line x1="12" y1="21" x2="12" y2="23"/><line x1="4.22" y1="4.22" x2="5.64" y2="5.64"/><line x1="18.36" y1="18.36" x2="19.78" y2="19.78"/><line x1="1" y1="12" x2="3" y2="12"/><line x1="21" y1="12" x2="23" y2="12"/><line x1="4.22" y1="19.78" x2="5.64" y2="18.36"/><line x1="18.36" y1="5.64" x2="19.78" y2="4.22"/></svg></button></span></div><ul id=menu></ul></nav></header><main class=main><article class=post-single><header class=post-header><div class=breadcrumbs><a href=https://ny1030.github.io/pages>Home</a>&nbsp;»&nbsp;<a href=https://ny1030.github.io/pages/2022/>2022s</a></div><h1 class=post-title>SQLパフォーマンスチューニング</h1><div class=post-meta>2 分&nbsp;·&nbsp;Y Nakajima</div></header><div class=post-content><h2 id=level-0-実行計画query-planの読み方>Level 0 実行計画(Query Plan)の読み方<a hidden class=anchor aria-hidden=true href=#level-0-実行計画query-planの読み方>#</a></h2><p>以下のようなSQLの実行計画を取得してみる。</p><pre tabindex=0><code>   UPDATE
          T_ITEM_INBOUND t3
        SET
          status_flag = &#39;9&#39;
          , updated_datetime = CURRENT_TIMESTAMP
          , updated_by = &#39;APP_001&#39;
        FROM
          (
            SELECT
              t1.group_num
              , t1.level3_item_code
            FROM
              T_ITEM_INBOUND t1
            WHERE
              t1.status_flag = &#39;1&#39;
              AND t1.group_num = &#39;10&#39;
              AND t1.level3_item_code = &#39;1000-2000-3000&#39;
            GROUP BY
              t1.group_num
              , t1.level1_item_code
              , t1.level2_item_code
              , t1.level3_item_code
              , t1.color_code
              , t1.size_code
              , t1.pattern_length_code
            HAVING
              1   &lt;   COUNT(t1.group_num)
          ) t2
        WHERE
          t3.status_flag = &#39;1&#39;
          AND t3.group_num = t2.group_num
          AND t3.level3_item_code = t2.level3_item_code
          AND t3.brand_code = &#39;TK&#39;
          AND t3.region_code = &#39;JP&#39;
</code></pre><p>上記クエリの先頭に <code>EXPLAIN ANALYZE</code> というフレーズを付与→実行することで、以下のように実行計画が出力される。</p><pre tabindex=0><code>    Update on T_ITEM_INBOUND t3  (cost=19152.43..40432.82 rows=1 width=299) (actual time=65.760..65.760 rows=0 loops=1)
      -&gt;  Hash Join  (cost=19152.43..40432.82 rows=1 width=299) (actual time=65.758..65.758 rows=0 loops=1)
            Hash Cond: (((t3.group_num)::text = (t2.group_num)::text) AND (t3.level3_item_code = t2.level3_item_code))
            -&gt;  Seq Scan on T_ITEM_INBOUND t3  (cost=0.00..19152.36 rows=283735 width=150) (actual time=4.019..4.019 rows=1 loops=1)
                  Filter: (((status_flag)::text = &#39;1&#39;::text) AND (brand_code = &#39;TK&#39;::text) AND (region_code = &#39;JP&#39;::text))
                  Rows Removed by Filter: 11
            -&gt;  Hash  (cost=19152.42..19152.42 rows=1 width=62) (actual time=61.731..61.731 rows=0 loops=1)
                  Buckets: 1024  Batches: 1  Memory Usage: 8kB
                  -&gt;  Subquery Scan on t2  (cost=19152.37..19152.42 rows=1 width=62) (actual time=61.730..61.730 rows=0 loops=1)
                        -&gt;  GroupAggregate  (cost=19152.37..19152.41 rows=1 width=55) (actual time=61.730..61.730 rows=0 loops=1)
                              Group Key: t1.group_num, t1.level1_item_code, t1.level2_item_code, t1.level3_item_code, t1.color_code, t1.size_code, t1.pattern_length_code
                              Filter: (1 &lt; count(t1.group_num))
                              Rows Removed by Filter: 1
                              -&gt;  Sort  (cost=19152.37..19152.38 rows=1 width=55) (actual time=61.724..61.724 rows=1 loops=1)
                                    Sort Key: t1.level1_item_code, t1.level2_item_code, t1.color_code, t1.size_code, t1.pattern_length_code
                                    Sort Method: quicksort  Memory: 25kB
                                    -&gt;  Seq Scan on T_ITEM_INBOUND t1  (cost=0.00..19152.36 rows=1 width=55) (actual time=21.804..61.714 rows=1 loops=1)
                                          Filter: (((status_flag)::text = &#39;1&#39;::text) AND ((group_num)::text = &#39;10&#39;::text) AND (l3_item_code = &#39;1000-2000-3000&#39;::text))
                                          Rows Removed by Filter: 283734
</code></pre><p>全てを説明するのは長くなるので要点だけ。</p><h3 id=インデントは処理の順番を表す>インデントは処理の順番を表す<a hidden class=anchor aria-hidden=true href=#インデントは処理の順番を表す>#</a></h3><ul><li>処理を行う単位（=実行計画の各レコード）ノードと呼ぶ。</li><li>ノードはツリー構造で表現される。最下層のノード（=リーフノード）は必ずテーブルスキャンノードとなる。</li><li>最下層（=インデントが深い）のノードから順に実行される。</li><li>最下層ノードの親は結合ノードでさらにその親はその他のノードになっている。</li></ul><h4 id=テーブルスキャンノード>テーブルスキャンノード<a hidden class=anchor aria-hidden=true href=#テーブルスキャンノード>#</a></h4><p>テーブルからデータを取り出す役割。代表的なスキャン方法は以下の通り。</p><ul><li>Seq Scan: テーブル全体を順番にスキャンする</li><li>Index Scan: テーブルに付与されているインデックスのみをスキャンし、実テーブルはスキャンしない</li></ul><p>今回の例では <code>Seq Scan</code> が使われいている。</p><h4 id=結合系ノード>結合系ノード<a hidden class=anchor aria-hidden=true href=#結合系ノード>#</a></h4><p>複数のテーブルを結合する役割のノードです。代表的な結合方法は以下の通り。</p><ul><li>Nested Loop: 外側テーブルの行毎に内側テーブルのすべての行を突き合わせ結合する</li><li>Hash Join: 内側テーブルの結合キーでハッシュを作成し、ハッシュと外側テーブルの結合キーで一致する行を結合する</li></ul><h4 id=処理コスト>処理コスト<a hidden class=anchor aria-hidden=true href=#処理コスト>#</a></h4><p>実行計画の各ノードには、始動コストと総コスト、行数と行の長さが記載されている。</p><ul><li>始動コスト: 一件目のデータを返すのにかかる想定のコストを表す( <code>..</code> の前)</li><li>総コスト: 処理完了までにかかる想定のコストを表す( <code>..</code> の後)</li><li>行数： ノード実行によって返却される行数を表す( <code>rows</code> )</li><li>行の長さ： ノードの実行によって返却される行の平均の長さを表す( <code>width</code> )</li></ul><h3 id=important>important<a hidden class=anchor aria-hidden=true href=#important>#</a></h3><ul><li><code>EXPLAIN</code> のみをつけて実行計画を取得すると、プランナによって見積もられたコストとなる。</li><li><code>EXPLAIN ANALYZE</code> をつけて実行計</li><li>画を取得すると、実際に実行して得られた結果となる。( <code>actual</code> 以降の情報がそれ)</li><li>なので、 <code>cost</code> と <code>actual</code> の <code>rows</code> が大きくずれている場合は統計情報が古い可能性がある。</li></ul><h2 id=level-1-index利用による高速化>Level 1 Index利用による高速化<a hidden class=anchor aria-hidden=true href=#level-1-index利用による高速化>#</a></h2><h2 id=level-2-部分indexの利用>Level 2 部分Indexの利用<a hidden class=anchor aria-hidden=true href=#level-2-部分indexの利用>#</a></h2><h1 id=command-メモ>Command メモ<a hidden class=anchor aria-hidden=true href=#command-メモ>#</a></h1><p><a href=https://gist.github.com/ny1030>ここではなくgistに記載</a></p></div><footer class=post-footer><ul class=post-tags></ul><nav class=paginav><a class=prev href=https://ny1030.github.io/pages/2022/linux-%E3%83%A1%E3%83%A2%E3%83%AA%E4%BD%BF%E7%94%A8%E7%8E%87%E3%81%AB%E3%81%A4%E3%81%84%E3%81%A6/><span class=title>« 前のページ</span><br><span>Linux - メモリ使用率について</span></a></nav><div class=share-buttons><a target=_blank rel="noopener noreferrer" aria-label="share SQLパフォーマンスチューニング on twitter" href="https://twitter.com/intent/tweet/?text=SQL%e3%83%91%e3%83%95%e3%82%a9%e3%83%bc%e3%83%9e%e3%83%b3%e3%82%b9%e3%83%81%e3%83%a5%e3%83%bc%e3%83%8b%e3%83%b3%e3%82%b0&url=https%3a%2f%2fny1030.github.io%2fpages%2f2022%2fsql%25E3%2583%2591%25E3%2583%2595%25E3%2582%25A9%25E3%2583%25BC%25E3%2583%259E%25E3%2583%25B3%25E3%2582%25B9%25E3%2583%2581%25E3%2583%25A5%25E3%2583%25BC%25E3%2583%258B%25E3%2583%25B3%25E3%2582%25B0%2f&hashtags="><svg viewBox="0 0 512 512"><path d="M449.446.0C483.971.0 512 28.03 512 62.554v386.892C512 483.97 483.97 512 449.446 512H62.554c-34.524.0-62.554-28.03-62.554-62.554V62.554c0-34.524 28.029-62.554 62.554-62.554h386.892zM195.519 424.544c135.939.0 210.268-112.643 210.268-210.268.0-3.218.0-6.437-.153-9.502 14.406-10.421 26.973-23.448 36.935-38.314-13.18 5.824-27.433 9.809-42.452 11.648 15.326-9.196 26.973-23.602 32.49-40.92-14.252 8.429-30.038 14.56-46.896 17.931-13.487-14.406-32.644-23.295-53.946-23.295-40.767.0-73.87 33.104-73.87 73.87.0 5.824.613 11.494 1.992 16.858-61.456-3.065-115.862-32.49-152.337-77.241-6.284 10.881-9.962 23.601-9.962 37.088.0 25.594 13.027 48.276 32.95 61.456-12.107-.307-23.448-3.678-33.41-9.196v.92c0 35.862 25.441 65.594 59.311 72.49-6.13 1.686-12.72 2.606-19.464 2.606-4.751.0-9.348-.46-13.946-1.38 9.349 29.426 36.628 50.728 68.965 51.341-25.287 19.771-57.164 31.571-91.8 31.571-5.977.0-11.801-.306-17.625-1.073 32.337 21.15 71.264 33.41 112.95 33.41z"/></svg></a><a target=_blank rel="noopener noreferrer" aria-label="share SQLパフォーマンスチューニング on linkedin" href="https://www.linkedin.com/shareArticle?mini=true&url=https%3a%2f%2fny1030.github.io%2fpages%2f2022%2fsql%25E3%2583%2591%25E3%2583%2595%25E3%2582%25A9%25E3%2583%25BC%25E3%2583%259E%25E3%2583%25B3%25E3%2582%25B9%25E3%2583%2581%25E3%2583%25A5%25E3%2583%25BC%25E3%2583%258B%25E3%2583%25B3%25E3%2582%25B0%2f&title=SQL%e3%83%91%e3%83%95%e3%82%a9%e3%83%bc%e3%83%9e%e3%83%b3%e3%82%b9%e3%83%81%e3%83%a5%e3%83%bc%e3%83%8b%e3%83%b3%e3%82%b0&summary=SQL%e3%83%91%e3%83%95%e3%82%a9%e3%83%bc%e3%83%9e%e3%83%b3%e3%82%b9%e3%83%81%e3%83%a5%e3%83%bc%e3%83%8b%e3%83%b3%e3%82%b0&source=https%3a%2f%2fny1030.github.io%2fpages%2f2022%2fsql%25E3%2583%2591%25E3%2583%2595%25E3%2582%25A9%25E3%2583%25BC%25E3%2583%259E%25E3%2583%25B3%25E3%2582%25B9%25E3%2583%2581%25E3%2583%25A5%25E3%2583%25BC%25E3%2583%258B%25E3%2583%25B3%25E3%2582%25B0%2f"><svg viewBox="0 0 512 512"><path d="M449.446.0C483.971.0 512 28.03 512 62.554v386.892C512 483.97 483.97 512 449.446 512H62.554c-34.524.0-62.554-28.03-62.554-62.554V62.554c0-34.524 28.029-62.554 62.554-62.554h386.892zM160.461 423.278V197.561h-75.04v225.717h75.04zm270.539.0V293.839c0-69.333-37.018-101.586-86.381-101.586-39.804.0-57.634 21.891-67.617 37.266v-31.958h-75.021c.995 21.181.0 225.717.0 225.717h75.02V297.222c0-6.748.486-13.492 2.474-18.315 5.414-13.475 17.767-27.434 38.494-27.434 27.135.0 38.007 20.707 38.007 51.037v120.768H431zM123.448 88.722C97.774 88.722 81 105.601 81 127.724c0 21.658 16.264 39.002 41.455 39.002h.484c26.165.0 42.452-17.344 42.452-39.002-.485-22.092-16.241-38.954-41.943-39.002z"/></svg></a><a target=_blank rel="noopener noreferrer" aria-label="share SQLパフォーマンスチューニング on reddit" href="https://reddit.com/submit?url=https%3a%2f%2fny1030.github.io%2fpages%2f2022%2fsql%25E3%2583%2591%25E3%2583%2595%25E3%2582%25A9%25E3%2583%25BC%25E3%2583%259E%25E3%2583%25B3%25E3%2582%25B9%25E3%2583%2581%25E3%2583%25A5%25E3%2583%25BC%25E3%2583%258B%25E3%2583%25B3%25E3%2582%25B0%2f&title=SQL%e3%83%91%e3%83%95%e3%82%a9%e3%83%bc%e3%83%9e%e3%83%b3%e3%82%b9%e3%83%81%e3%83%a5%e3%83%bc%e3%83%8b%e3%83%b3%e3%82%b0"><svg viewBox="0 0 512 512"><path d="M449.446.0C483.971.0 512 28.03 512 62.554v386.892C512 483.97 483.97 512 449.446 512H62.554c-34.524.0-62.554-28.03-62.554-62.554V62.554c0-34.524 28.029-62.554 62.554-62.554h386.892zM446 265.638c0-22.964-18.616-41.58-41.58-41.58-11.211.0-21.361 4.457-28.841 11.666-28.424-20.508-67.586-33.757-111.204-35.278l18.941-89.121 61.884 13.157c.756 15.734 13.642 28.29 29.56 28.29 16.407.0 29.706-13.299 29.706-29.701.0-16.403-13.299-29.702-29.706-29.702-11.666.0-21.657 6.792-26.515 16.578l-69.105-14.69c-1.922-.418-3.939-.042-5.585 1.036-1.658 1.073-2.811 2.761-3.224 4.686l-21.152 99.438c-44.258 1.228-84.046 14.494-112.837 35.232-7.468-7.164-17.589-11.591-28.757-11.591-22.965.0-41.585 18.616-41.585 41.58.0 16.896 10.095 31.41 24.568 37.918-.639 4.135-.99 8.328-.99 12.576.0 63.977 74.469 115.836 166.33 115.836s166.334-51.859 166.334-115.836c0-4.218-.347-8.387-.977-12.493 14.564-6.47 24.735-21.034 24.735-38.001zM326.526 373.831c-20.27 20.241-59.115 21.816-70.534 21.816-11.428.0-50.277-1.575-70.522-21.82-3.007-3.008-3.007-7.882.0-10.889 3.003-2.999 7.882-3.003 10.885.0 12.777 12.781 40.11 17.317 59.637 17.317 19.522.0 46.86-4.536 59.657-17.321 3.016-2.999 7.886-2.995 10.885.008 3.008 3.011 3.003 7.882-.008 10.889zm-5.23-48.781c-16.373.0-29.701-13.324-29.701-29.698.0-16.381 13.328-29.714 29.701-29.714 16.378.0 29.706 13.333 29.706 29.714.0 16.374-13.328 29.698-29.706 29.698zM160.91 295.348c0-16.381 13.328-29.71 29.714-29.71 16.369.0 29.689 13.329 29.689 29.71.0 16.373-13.32 29.693-29.689 29.693-16.386.0-29.714-13.32-29.714-29.693z"/></svg></a><a target=_blank rel="noopener noreferrer" aria-label="share SQLパフォーマンスチューニング on facebook" href="https://facebook.com/sharer/sharer.php?u=https%3a%2f%2fny1030.github.io%2fpages%2f2022%2fsql%25E3%2583%2591%25E3%2583%2595%25E3%2582%25A9%25E3%2583%25BC%25E3%2583%259E%25E3%2583%25B3%25E3%2582%25B9%25E3%2583%2581%25E3%2583%25A5%25E3%2583%25BC%25E3%2583%258B%25E3%2583%25B3%25E3%2582%25B0%2f"><svg viewBox="0 0 512 512"><path d="M449.446.0C483.971.0 512 28.03 512 62.554v386.892C512 483.97 483.97 512 449.446 512H342.978V319.085h66.6l12.672-82.621h-79.272v-53.617c0-22.603 11.073-44.636 46.58-44.636H425.6v-70.34s-32.71-5.582-63.982-5.582c-65.288.0-107.96 39.569-107.96 111.204v62.971h-72.573v82.621h72.573V512h-191.104c-34.524.0-62.554-28.03-62.554-62.554V62.554c0-34.524 28.029-62.554 62.554-62.554h386.892z"/></svg></a><a target=_blank rel="noopener noreferrer" aria-label="share SQLパフォーマンスチューニング on whatsapp" href="https://api.whatsapp.com/send?text=SQL%e3%83%91%e3%83%95%e3%82%a9%e3%83%bc%e3%83%9e%e3%83%b3%e3%82%b9%e3%83%81%e3%83%a5%e3%83%bc%e3%83%8b%e3%83%b3%e3%82%b0%20-%20https%3a%2f%2fny1030.github.io%2fpages%2f2022%2fsql%25E3%2583%2591%25E3%2583%2595%25E3%2582%25A9%25E3%2583%25BC%25E3%2583%259E%25E3%2583%25B3%25E3%2582%25B9%25E3%2583%2581%25E3%2583%25A5%25E3%2583%25BC%25E3%2583%258B%25E3%2583%25B3%25E3%2582%25B0%2f"><svg viewBox="0 0 512 512"><path d="M449.446.0C483.971.0 512 28.03 512 62.554v386.892C512 483.97 483.97 512 449.446 512H62.554c-34.524.0-62.554-28.03-62.554-62.554V62.554c0-34.524 28.029-62.554 62.554-62.554h386.892zm-58.673 127.703c-33.842-33.881-78.847-52.548-126.798-52.568-98.799.0-179.21 80.405-179.249 179.234-.013 31.593 8.241 62.428 23.927 89.612l-25.429 92.884 95.021-24.925c26.181 14.28 55.659 21.807 85.658 21.816h.074c98.789.0 179.206-80.413 179.247-179.243.018-47.895-18.61-92.93-52.451-126.81zM263.976 403.485h-.06c-26.734-.01-52.954-7.193-75.828-20.767l-5.441-3.229-56.386 14.792 15.05-54.977-3.542-5.637c-14.913-23.72-22.791-51.136-22.779-79.287.033-82.142 66.867-148.971 149.046-148.971 39.793.014 77.199 15.531 105.329 43.692 28.128 28.16 43.609 65.592 43.594 105.4-.034 82.149-66.866 148.983-148.983 148.984zm81.721-111.581c-4.479-2.242-26.499-13.075-30.604-14.571-4.105-1.495-7.091-2.241-10.077 2.241-2.986 4.483-11.569 14.572-14.182 17.562-2.612 2.988-5.225 3.364-9.703 1.12-4.479-2.241-18.91-6.97-36.017-22.23C231.8 264.15 222.81 249.484 220.198 245s-.279-6.908 1.963-9.14c2.016-2.007 4.48-5.232 6.719-7.847 2.24-2.615 2.986-4.484 4.479-7.472 1.493-2.99.747-5.604-.374-7.846-1.119-2.241-10.077-24.288-13.809-33.256-3.635-8.733-7.327-7.55-10.077-7.688-2.609-.13-5.598-.158-8.583-.158-2.986.0-7.839 1.121-11.944 5.604-4.105 4.484-15.675 15.32-15.675 37.364.0 22.046 16.048 43.342 18.287 46.332 2.24 2.99 31.582 48.227 76.511 67.627 10.685 4.615 19.028 7.371 25.533 9.434 10.728 3.41 20.492 2.929 28.209 1.775 8.605-1.285 26.499-10.833 30.231-21.295 3.732-10.464 3.732-19.431 2.612-21.298-1.119-1.869-4.105-2.99-8.583-5.232z"/></svg></a><a target=_blank rel="noopener noreferrer" aria-label="share SQLパフォーマンスチューニング on telegram" href="https://telegram.me/share/url?text=SQL%e3%83%91%e3%83%95%e3%82%a9%e3%83%bc%e3%83%9e%e3%83%b3%e3%82%b9%e3%83%81%e3%83%a5%e3%83%bc%e3%83%8b%e3%83%b3%e3%82%b0&url=https%3a%2f%2fny1030.github.io%2fpages%2f2022%2fsql%25E3%2583%2591%25E3%2583%2595%25E3%2582%25A9%25E3%2583%25BC%25E3%2583%259E%25E3%2583%25B3%25E3%2582%25B9%25E3%2583%2581%25E3%2583%25A5%25E3%2583%25BC%25E3%2583%258B%25E3%2583%25B3%25E3%2582%25B0%2f"><svg viewBox="2 2 28 28"><path d="M26.49 29.86H5.5a3.37 3.37.0 01-2.47-1 3.35 3.35.0 01-1-2.47V5.48A3.36 3.36.0 013 3 3.37 3.37.0 015.5 2h21A3.38 3.38.0 0129 3a3.36 3.36.0 011 2.46V26.37a3.35 3.35.0 01-1 2.47 3.38 3.38.0 01-2.51 1.02zm-5.38-6.71a.79.79.0 00.85-.66L24.73 9.24a.55.55.0 00-.18-.46.62.62.0 00-.41-.17q-.08.0-16.53 6.11a.59.59.0 00-.41.59.57.57.0 00.43.52l4 1.24 1.61 4.83a.62.62.0 00.63.43.56.56.0 00.4-.17L16.54 20l4.09 3A.9.9.0 0021.11 23.15zM13.8 20.71l-1.21-4q8.72-5.55 8.78-5.55c.15.0.23.0.23.16a.18.18.0 010 .06s-2.51 2.3-7.52 6.8z"/></svg></a></div></footer></article></main><footer class=footer><span>&copy; 2022 <a href=https://ny1030.github.io/pages>ny1030Note</a></span>
<span>Powered by
<a href=https://gohugo.io/ rel="noopener noreferrer" target=_blank>Hugo</a> &
        <a href=https://git.io/hugopapermod rel=noopener target=_blank>PaperMod</a></span></footer><a href=#top aria-label="go to top" title="Go to Top (Alt + G)" class=top-link id=top-link accesskey=g><svg xmlns="http://www.w3.org/2000/svg" viewBox="0 0 12 6" fill="currentcolor"><path d="M12 6H0l6-6z"/></svg></a><script>let menu=document.getElementById("menu");menu&&(menu.scrollLeft=localStorage.getItem("menu-scroll-position"),menu.onscroll=function(){localStorage.setItem("menu-scroll-position",menu.scrollLeft)}),document.querySelectorAll('a[href^="#"]').forEach(e=>{e.addEventListener("click",function(t){t.preventDefault();var e=this.getAttribute("href").substr(1);window.matchMedia("(prefers-reduced-motion: reduce)").matches?document.querySelector(`[id='${decodeURIComponent(e)}']`).scrollIntoView():document.querySelector(`[id='${decodeURIComponent(e)}']`).scrollIntoView({behavior:"smooth"}),e==="top"?history.replaceState(null,null," "):history.pushState(null,null,`#${e}`)})})</script><script>var mybutton=document.getElementById("top-link");window.onscroll=function(){document.body.scrollTop>800||document.documentElement.scrollTop>800?(mybutton.style.visibility="visible",mybutton.style.opacity="1"):(mybutton.style.visibility="hidden",mybutton.style.opacity="0")}</script><script>document.getElementById("theme-toggle").addEventListener("click",()=>{document.body.className.includes("dark")?(document.body.classList.remove("dark"),localStorage.setItem("pref-theme","light")):(document.body.classList.add("dark"),localStorage.setItem("pref-theme","dark"))})</script></body></html>